Performing C SOURCE FILE Test CMAKE_HAVE_LIBC_PTHREAD failed with the following output:
Change Dir: /home/esteban/gyges/phase-3/src/CMakeFiles/CMakeTmp

Run Build Command(s):/usr/bin/make cmTC_0479c/fast && /usr/bin/make -f CMakeFiles/cmTC_0479c.dir/build.make CMakeFiles/cmTC_0479c.dir/build
make[1]: Entering directory '/home/esteban/Desktop/M1106/gyges/phase-3/src/CMakeFiles/CMakeTmp'
Building C object CMakeFiles/cmTC_0479c.dir/src.c.o
/usr/bin/cc   -std=c99 -g -Wall -lm -DCMAKE_HAVE_LIBC_PTHREAD   -o CMakeFiles/cmTC_0479c.dir/src.c.o   -c /home/esteban/gyges/phase-3/src/CMakeFiles/CMakeTmp/src.c
Linking C executable cmTC_0479c
/usr/bin/cmake -E cmake_link_script CMakeFiles/cmTC_0479c.dir/link.txt --verbose=1
/usr/bin/cc -std=c99 -g -Wall -lm -DCMAKE_HAVE_LIBC_PTHREAD    -rdynamic CMakeFiles/cmTC_0479c.dir/src.c.o  -o cmTC_0479c 
/usr/bin/ld: CMakeFiles/cmTC_0479c.dir/src.c.o: in function `main':
/home/esteban/gyges/phase-3/src/CMakeFiles/CMakeTmp/src.c:11: undefined reference to `pthread_create'
/usr/bin/ld: /home/esteban/gyges/phase-3/src/CMakeFiles/CMakeTmp/src.c:12: undefined reference to `pthread_detach'
/usr/bin/ld: /home/esteban/gyges/phase-3/src/CMakeFiles/CMakeTmp/src.c:13: undefined reference to `pthread_join'
collect2: error: ld returned 1 exit status
make[1]: *** [CMakeFiles/cmTC_0479c.dir/build.make:87: cmTC_0479c] Error 1
make[1]: Leaving directory '/home/esteban/Desktop/M1106/gyges/phase-3/src/CMakeFiles/CMakeTmp'
make: *** [Makefile:121: cmTC_0479c/fast] Error 2


Source file was:
#include <pthread.h>

void* test_func(void* data)
{
  return data;
}

int main(void)
{
  pthread_t thread;
  pthread_create(&thread, NULL, test_func, NULL);
  pthread_detach(thread);
  pthread_join(thread, NULL);
  pthread_atfork(NULL, NULL, NULL);
  pthread_exit(NULL);

  return 0;
}

Determining if the function pthread_create exists in the pthreads failed with the following output:
Change Dir: /home/esteban/gyges/phase-3/src/CMakeFiles/CMakeTmp

Run Build Command(s):/usr/bin/make cmTC_11727/fast && /usr/bin/make -f CMakeFiles/cmTC_11727.dir/build.make CMakeFiles/cmTC_11727.dir/build
make[1]: Entering directory '/home/esteban/Desktop/M1106/gyges/phase-3/src/CMakeFiles/CMakeTmp'
Building C object CMakeFiles/cmTC_11727.dir/CheckFunctionExists.c.o
/usr/bin/cc   -std=c99 -g -Wall -lm -DCHECK_FUNCTION_EXISTS=pthread_create   -o CMakeFiles/cmTC_11727.dir/CheckFunctionExists.c.o   -c /usr/share/cmake-3.16/Modules/CheckFunctionExists.c
Linking C executable cmTC_11727
/usr/bin/cmake -E cmake_link_script CMakeFiles/cmTC_11727.dir/link.txt --verbose=1
/usr/bin/cc -std=c99 -g -Wall -lm -DCHECK_FUNCTION_EXISTS=pthread_create    -rdynamic CMakeFiles/cmTC_11727.dir/CheckFunctionExists.c.o  -o cmTC_11727  -lpthreads 
/usr/bin/ld: cannot find -lpthreads
collect2: error: ld returned 1 exit status
make[1]: *** [CMakeFiles/cmTC_11727.dir/build.make:87: cmTC_11727] Error 1
make[1]: Leaving directory '/home/esteban/Desktop/M1106/gyges/phase-3/src/CMakeFiles/CMakeTmp'
make: *** [Makefile:121: cmTC_11727/fast] Error 2



